     1	# cython: boundscheck=False, wraparound=False, initializedcheck=False, cdivision=True, language_level=3
     2	"""Cython/C++ pure numeric geometry kernels.
     3	
     4	This module intentionally avoids Blender, gin, solver code, and random number
     5	generation. Boundary contact is treated as inclusive overlap/containment.
     6	"""
     7	
     8	import numpy as np
     9	cimport numpy as cnp
    10	
    11	cnp.import_array()
    12	
    13	cdef object _NP_FLOAT32 = np.dtype(np.float32)
    14	cdef object _NP_FLOAT64 = np.dtype(np.float64)
    15	
    16	
    17	cdef object _as_2d3(str name, object value):
    18	    cdef object arr = np.asarray(value)
    19	    if arr.ndim != 2 or arr.shape[1] != 3:
    20	        raise ValueError(f"{name} must have shape [N, 3], got {arr.shape}")
    21	    if arr.shape[0] == 0:
    22	        raise ValueError(f"{name} must contain at least one row")
    23	    if arr.dtype != _NP_FLOAT32 and arr.dtype != _NP_FLOAT64:
    24	        raise TypeError(f"{name} must have dtype float32 or float64, got {arr.dtype}")
    25	    return arr
    26	
    27	
    28	cdef object _as_1d3(str name, object value):
    29	    cdef object arr = np.asarray(value)
    30	    if arr.shape != (3,):
    31	        raise ValueError(f"{name} must have shape [3], got {arr.shape}")
    32	    if arr.dtype != _NP_FLOAT32 and arr.dtype != _NP_FLOAT64:
    33	        raise TypeError(f"{name} must have dtype float32 or float64, got {arr.dtype}")
    34	    return arr
    35	
    36	
    37	cdef object _promoted_dtype(tuple arrays):
    38	    cdef object dtype = np.dtype(np.result_type(*[arr.dtype for arr in arrays]))
    39	    if dtype != _NP_FLOAT32 and dtype != _NP_FLOAT64:
    40	        raise TypeError(
    41	            "inputs must have dtype float32 or float64, got "
    42	            + ", ".join(str(arr.dtype) for arr in arrays)
    43	        )
    44	    return dtype
    45	
    46	
    47	cdef tuple _bbox_min_max_f64(double[:, ::1] points):
    48	    cdef Py_ssize_t n = points.shape[0]
    49	    cdef Py_ssize_t i
    50	    cdef double min0 = points[0, 0]
    51	    cdef double min1 = points[0, 1]
    52	    cdef double min2 = points[0, 2]
    53	    cdef double max0 = min0
    54	    cdef double max1 = min1
    55	    cdef double max2 = min2
    56	    cdef double v0, v1, v2
    57	    cdef cnp.ndarray[cnp.float64_t, ndim=1] mins
    58	    cdef cnp.ndarray[cnp.float64_t, ndim=1] maxs
    59	
    60	    for i in range(1, n):
    61	        v0 = points[i, 0]
    62	        v1 = points[i, 1]
    63	        v2 = points[i, 2]
    64	        if v0 < min0:
    65	            min0 = v0
    66	        elif v0 > max0:
    67	            max0 = v0
    68	        if v1 < min1:
    69	            min1 = v1
    70	        elif v1 > max1:
    71	            max1 = v1
    72	        if v2 < min2:
    73	            min2 = v2
    74	        elif v2 > max2:
    75	            max2 = v2
    76	
    77	    mins = np.empty(3, dtype=np.float64)
    78	    maxs = np.empty(3, dtype=np.float64)
    79	    mins[0] = min0
    80	    mins[1] = min1
    81	    mins[2] = min2
    82	    maxs[0] = max0
    83	    maxs[1] = max1
    84	    maxs[2] = max2
    85	    return mins, maxs
    86	
    87	
    88	cdef tuple _bbox_min_max_f32(float[:, ::1] points):
    89	    cdef Py_ssize_t n = points.shape[0]
    90	    cdef Py_ssize_t i
    91	    cdef float min0 = points[0, 0]
    92	    cdef float min1 = points[0, 1]
    93	    cdef float min2 = points[0, 2]
    94	    cdef float max0 = min0
    95	    cdef float max1 = min1
    96	    cdef float max2 = min2
    97	    cdef float v0, v1, v2
    98	    cdef cnp.ndarray[cnp.float32_t, ndim=1] mins
    99	    cdef cnp.ndarray[cnp.float32_t, ndim=1] maxs
   100	
   101	    for i in range(1, n):
   102	        v0 = points[i, 0]
   103	        v1 = points[i, 1]
   104	        v2 = points[i, 2]
   105	        if v0 < min0:
   106	            min0 = v0
   107	        elif v0 > max0:
   108	            max0 = v0
   109	        if v1 < min1:
   110	            min1 = v1
   111	        elif v1 > max1:
   112	            max1 = v1
   113	        if v2 < min2:
   114	            min2 = v2
   115	        elif v2 > max2:
   116	            max2 = v2
   117	
   118	    mins = np.empty(3, dtype=np.float32)
   119	    maxs = np.empty(3, dtype=np.float32)
   120	    mins[0] = min0
   121	    mins[1] = min1
   122	    mins[2] = min2
   123	    maxs[0] = max0
   124	    maxs[1] = max1
   125	    maxs[2] = max2
   126	    return mins, maxs
   127	
   128	
   129	def bbox_min_max(object points):
   130	    """Return coordinate-wise min and max for points shaped [N, 3]."""
   131	    cdef object points_arr = _as_2d3("points", points)
   132	    cdef object dtype = _promoted_dtype((points_arr,))
   133	    points_arr = np.ascontiguousarray(points_arr, dtype=dtype)
   134	    if dtype == _NP_FLOAT64:
   135	        return _bbox_min_max_f64(points_arr)
   136	    return _bbox_min_max_f32(points_arr)
   137	
   138	
   139	cdef tuple _bbox_union_f64(double[:, ::1] mins_in, double[:, ::1] maxs_in):
   140	    cdef Py_ssize_t n = mins_in.shape[0]
   141	    cdef Py_ssize_t i
   142	    cdef double min0 = mins_in[0, 0]
   143	    cdef double min1 = mins_in[0, 1]
   144	    cdef double min2 = mins_in[0, 2]
   145	    cdef double max0 = maxs_in[0, 0]
   146	    cdef double max1 = maxs_in[0, 1]
   147	    cdef double max2 = maxs_in[0, 2]
   148	    cdef double v0, v1, v2
   149	    cdef cnp.ndarray[cnp.float64_t, ndim=1] out_min
   150	    cdef cnp.ndarray[cnp.float64_t, ndim=1] out_max
   151	
   152	    for i in range(1, n):
   153	        v0 = mins_in[i, 0]
   154	        v1 = mins_in[i, 1]
   155	        v2 = mins_in[i, 2]
   156	        if v0 < min0:
   157	            min0 = v0
   158	        if v1 < min1:
   159	            min1 = v1
   160	        if v2 < min2:
   161	            min2 = v2
   162	        v0 = maxs_in[i, 0]
   163	        v1 = maxs_in[i, 1]
   164	        v2 = maxs_in[i, 2]
   165	        if v0 > max0:
   166	            max0 = v0
   167	        if v1 > max1:
   168	            max1 = v1
   169	        if v2 > max2:
   170	            max2 = v2
   171	
   172	    out_min = np.empty(3, dtype=np.float64)
   173	    out_max = np.empty(3, dtype=np.float64)
   174	    out_min[0] = min0
   175	    out_min[1] = min1
   176	    out_min[2] = min2
   177	    out_max[0] = max0
   178	    out_max[1] = max1
   179	    out_max[2] = max2
   180	    return out_min, out_max
   181	
   182	
   183	cdef tuple _bbox_union_f32(float[:, ::1] mins_in, float[:, ::1] maxs_in):
   184	    cdef Py_ssize_t n = mins_in.shape[0]
   185	    cdef Py_ssize_t i
   186	    cdef float min0 = mins_in[0, 0]
   187	    cdef float min1 = mins_in[0, 1]
   188	    cdef float min2 = mins_in[0, 2]
   189	    cdef float max0 = maxs_in[0, 0]
   190	    cdef float max1 = maxs_in[0, 1]
   191	    cdef float max2 = maxs_in[0, 2]
   192	    cdef float v0, v1, v2
   193	    cdef cnp.ndarray[cnp.float32_t, ndim=1] out_min
   194	    cdef cnp.ndarray[cnp.float32_t, ndim=1] out_max
   195	
   196	    for i in range(1, n):
   197	        v0 = mins_in[i, 0]
   198	        v1 = mins_in[i, 1]
   199	        v2 = mins_in[i, 2]
   200	        if v0 < min0:
   201	            min0 = v0
   202	        if v1 < min1:
   203	            min1 = v1
   204	        if v2 < min2:
   205	            min2 = v2
   206	        v0 = maxs_in[i, 0]
   207	        v1 = maxs_in[i, 1]
   208	        v2 = maxs_in[i, 2]
   209	        if v0 > max0:
   210	            max0 = v0
   211	        if v1 > max1:
   212	            max1 = v1
   213	        if v2 > max2:
   214	            max2 = v2
   215	
   216	    out_min = np.empty(3, dtype=np.float32)
   217	    out_max = np.empty(3, dtype=np.float32)
   218	    out_min[0] = min0
   219	    out_min[1] = min1
   220	    out_min[2] = min2
